<?xml version="1.0" encoding="UTF-8"?>
<!-- Generated by org.testng.reporters.JUnitReportReporter -->
<testsuite hostname="Asus-Vivobook-Mahesh" failures="0" tests="1" name="com.exponent.webapp.tests.MTTests" time="0.025" errors="0" timestamp="2024-05-28T08:30:20 IST" skipped="0">
  <testcase classname="com.exponent.webapp.tests.MTTests" name="login" time="0.025"/>
  <system-out/>
</testsuite> <!-- com.exponent.webapp.tests.MTTests -->
